\BOOKMARK [0][-]{chapter.1}{\376\377\000I\000n\000t\000r\000o\000d\000u\000c\000t\000i\000o\000n}{}% 1
\BOOKMARK [1][-]{section.1.1}{\376\377\000S\000p\000y\000D\000r\000N\000e\000t\000\040\000G\000e\000t\000t\000i\000n\000g\000\040\000S\000t\000a\000r\000t\000e\000d}{chapter.1}% 2
\BOOKMARK [1][-]{section.1.2}{\376\377\000A\000r\000a\000c\000n\000i\000d\000\040\000E\000t\000y\000m\000o\000l\000o\000g\000y}{chapter.1}% 3
\BOOKMARK [1][-]{section.1.3}{\376\377\000O\000t\000h\000e\000r\000\040\000I\000n\000f\000o\000r\000m\000a\000t\000i\000o\000n}{chapter.1}% 4
\BOOKMARK [0][-]{chapter.2}{\376\377\000E\000l\000e\000m\000e\000n\000t\000\040\000D\000a\000t\000a}{}% 5
\BOOKMARK [1][-]{section.2.1}{\376\377\000K\000e\000y\000s}{chapter.2}% 6
\BOOKMARK [1][-]{section.2.2}{\376\377\000S\000e\000t\000t\000i\000n\000g\000\040\000D\000a\000t\000a}{chapter.2}% 7
\BOOKMARK [1][-]{section.2.3}{\376\377\000G\000e\000t\000t\000i\000n\000g\000\040\000D\000a\000t\000a}{chapter.2}% 8
\BOOKMARK [1][-]{section.2.4}{\376\377\000D\000e\000l\000e\000t\000i\000n\000g\000\040\000D\000a\000t\000a}{chapter.2}% 9
\BOOKMARK [0][-]{chapter.3}{\376\377\000A\000P\000I\000\040\000S\000u\000m\000m\000a\000r\000y}{}% 10
\BOOKMARK [1][-]{section.3.1}{\376\377\000B\000a\000s\000i\000c\000\040\000o\000b\000j\000e\000c\000t\000\040\000t\000y\000p\000e\000s}{chapter.3}% 11
\BOOKMARK [1][-]{section.3.2}{\376\377\000G\000e\000t\000t\000e\000r\000\040\000F\000u\000n\000c\000t\000i\000o\000n\000s}{chapter.3}% 12
\BOOKMARK [1][-]{section.3.3}{\376\377\000O\000t\000h\000e\000r\000\040\000F\000u\000n\000c\000t\000i\000o\000n\000s}{chapter.3}% 13
\BOOKMARK [1][-]{section.3.4}{\376\377\000S\000h\000o\000r\000t\000c\000u\000t\000s}{chapter.3}% 14
\BOOKMARK [0][-]{appendix.A}{\376\377\000T\000u\000t\000o\000r\000i\000a\000l}{}% 15
\BOOKMARK [1][-]{section.A.1}{\376\377\000I\000n\000s\000t\000a\000l\000l\000a\000t\000i\000o\000n}{appendix.A}% 16
\BOOKMARK [1][-]{section.A.2}{\376\377\000W\000o\000r\000k\000i\000n\000g\000\040\000E\000n\000v\000i\000r\000o\000n\000m\000e\000n\000t}{appendix.A}% 17
\BOOKMARK [1][-]{section.A.3}{\376\377\000P\000a\000r\000s\000i\000n\000g}{appendix.A}% 18
\BOOKMARK [1][-]{section.A.4}{\376\377\000C\000o\000m\000p\000o\000s\000i\000n\000g}{appendix.A}% 19
\BOOKMARK [1][-]{section.A.5}{\376\377\000E\000x\000a\000m\000p\000l\000e\000s}{appendix.A}% 20
\BOOKMARK [1][-]{section.A.6}{\376\377\000I\000n\000t\000e\000r\000m\000e\000d\000i\000a\000t\000e\000\040\000R\000e\000p\000r\000e\000s\000e\000n\000t\000a\000t\000i\000o\000n}{appendix.A}% 21
\BOOKMARK [0][-]{section*.514}{\376\377\000I\000n\000d\000e\000x}{}% 22
